<?xml version="1.0" encoding="UTF-8"?>
<testsuite name="AmazonSearchTest" tests="1" skipped="0" failures="0" errors="0" timestamp="2022-12-21T21:05:22" hostname="PELA" time="14.765">
  <properties/>
  <testcase name="checkAmazonSearch()" classname="AmazonSearchTest" time="14.765"/>
  <system-out><![CDATA[]]></system-out>
  <system-err><![CDATA[SLF4J: Failed to load class "org.slf4j.impl.StaticLoggerBinder".
SLF4J: Defaulting to no-operation (NOP) logger implementation
SLF4J: See http://www.slf4j.org/codes.html#StaticLoggerBinder for further details.
Starting ChromeDriver 108.0.5359.71 (1e0e3868ee06e91ad636a874420e3ca3ae3756ac-refs/branch-heads/5359@{#1016}) on port 5426
Only local connections are allowed.
Please see https://chromedriver.chromium.org/security-considerations for suggestions on keeping ChromeDriver safe.
ChromeDriver was started successfully.
dic. 21, 2022 6:05:22 P. M. org.openqa.selenium.remote.ProtocolHandshake createSession
INFO: Detected dialect: W3C
]]></system-err>
</testsuite>
